# JRE version: OpenJDK Runtime Environment (11.0.10) (build 11.0.10+0-b96-7249189)
# Java VM: OpenJDK 64-Bit Server VM (11.0.10+0-b96-7249189, mixed mode, tiered, compressed oops, g1 gc, windows-amd64)
Heap:
 garbage-first heap   total 741376K, used 242953K [0x0000000080000000, 0x0000000100000000)
  region size 1024K, 9 young (9216K), 9 survivors (9216K)
 Metaspace       used 135253K, capacity 138433K, committed 139980K, reserved 1171456K
  class space    used 16628K, capacity 17858K, committed 18636K, reserved 1048576K
GC Heap History (20 events):
Event: 2675.193 GC heap after
{Heap after GC invocations=77 (full 0):
 garbage-first heap   total 401408K, used 314119K [0x0000000080000000, 0x0000000100000000)
  region size 1024K, 2 young (2048K), 2 survivors (2048K)
 Metaspace       used 135785K, capacity 139277K, committed 139980K, reserved 1171456K
  class space    used 16773K, capacity 18147K, committed 18636K, reserved 1048576K
}
Event: 2675.527 GC heap before
{Heap before GC invocations=77 (full 0):
 garbage-first heap   total 401408K, used 359175K [0x0000000080000000, 0x0000000100000000)
  region size 1024K, 24 young (24576K), 2 survivors (2048K)
 Metaspace       used 135838K, capacity 139319K, committed 139980K, reserved 1171456K
  class space    used 16783K, capacity 18160K, committed 18636K, reserved 1048576K
}
Event: 2675.542 GC heap after
{Heap after GC invocations=78 (full 0):
 garbage-first heap   total 401408K, used 335000K [0x0000000080000000, 0x0000000100000000)
  region size 1024K, 4 young (4096K), 4 survivors (4096K)
 Metaspace       used 135838K, capacity 139319K, committed 139980K, reserved 1171456K
  class space    used 16783K, capacity 18160K, committed 18636K, reserved 1048576K
}
Event: 2675.588 GC heap before
{Heap before GC invocations=78 (full 0):
 garbage-first heap   total 401408K, used 351384K [0x0000000080000000, 0x0000000100000000)
  region size 1024K, 19 young (19456K), 4 survivors (4096K)
 Metaspace       used 135838K, capacity 139319K, committed 139980K, reserved 1171456K
  class space    used 16783K, capacity 18160K, committed 18636K, reserved 1048576K
}
Event: 2675.599 GC heap after
{Heap after GC invocations=79 (full 0):
 garbage-first heap   total 401408K, used 341925K [0x0000000080000000, 0x0000000100000000)
  region size 1024K, 3 young (3072K), 3 survivors (3072K)
 Metaspace       used 135838K, capacity 139319K, committed 139980K, reserved 1171456K
  class space    used 16783K, capacity 18160K, committed 18636K, reserved 1048576K
}
Event: 2675.687 GC heap before
{Heap before GC invocations=79 (full 0):
 garbage-first heap   total 401408K, used 357285K [0x0000000080000000, 0x0000000100000000)
  region size 1024K, 19 young (19456K), 3 survivors (3072K)
 Metaspace       used 135854K, capacity 139383K, committed 139980K, reserved 1171456K
  class space    used 16783K, capacity 18160K, committed 18636K, reserved 1048576K
}
Event: 2675.700 GC heap after
{Heap after GC invocations=80 (full 0):
 garbage-first heap   total 401408K, used 350060K [0x0000000080000000, 0x0000000100000000)
  region size 1024K, 3 young (3072K), 3 survivors (3072K)
 Metaspace       used 135854K, capacity 139383K, committed 139980K, reserved 1171456K
  class space    used 16783K, capacity 18160K, committed 18636K, reserved 1048576K
}
Event: 2675.812 GC heap before
{Heap before GC invocations=80 (full 0):
 garbage-first heap   total 401408K, used 365420K [0x0000000080000000, 0x0000000100000000)
  region size 1024K, 19 young (19456K), 3 survivors (3072K)
 Metaspace       used 135855K, capacity 139383K, committed 139980K, reserved 1171456K
  class space    used 16783K, capacity 18160K, committed 18636K, reserved 1048576K
}
Event: 2675.826 GC heap after
{Heap after GC invocations=81 (full 0):
 garbage-first heap   total 401408K, used 358556K [0x0000000080000000, 0x0000000100000000)
  region size 1024K, 3 young (3072K), 3 survivors (3072K)
 Metaspace       used 135855K, capacity 139383K, committed 139980K, reserved 1171456K
  class space    used 16783K, capacity 18160K, committed 18636K, reserved 1048576K
}
Event: 2676.195 GC heap before
{Heap before GC invocations=81 (full 0):
 garbage-first heap   total 401408K, used 260252K [0x0000000080000000, 0x0000000100000000)
  region size 1024K, 19 young (19456K), 3 survivors (3072K)
 Metaspace       used 135242K, capacity 138431K, committed 139980K, reserved 1171456K
  class space    used 16627K, capacity 17858K, committed 18636K, reserved 1048576K
}
Event: 2676.216 GC heap after
{Heap after GC invocations=82 (full 0):
 garbage-first heap   total 401408K, used 253107K [0x0000000080000000, 0x0000000100000000)
  region size 1024K, 3 young (3072K), 3 survivors (3072K)
 Metaspace       used 135242K, capacity 138431K, committed 139980K, reserved 1171456K
  class space    used 16627K, capacity 17858K, committed 18636K, reserved 1048576K
}
Event: 2676.530 GC heap before
{Heap before GC invocations=83 (full 0):
 garbage-first heap   total 401408K, used 308403K [0x0000000080000000, 0x0000000100000000)
  region size 1024K, 55 young (56320K), 3 survivors (3072K)
 Metaspace       used 135248K, capacity 138433K, committed 139980K, reserved 1171456K
  class space    used 16627K, capacity 17858K, committed 18636K, reserved 1048576K
}
Event: 2676.572 GC heap after
{Heap after GC invocations=84 (full 0):
 garbage-first heap   total 401408K, used 275034K [0x0000000080000000, 0x0000000100000000)
  region size 1024K, 7 young (7168K), 7 survivors (7168K)
 Metaspace       used 135248K, capacity 138433K, committed 139980K, reserved 1171456K
  class space    used 16627K, capacity 17858K, committed 18636K, reserved 1048576K
}
Event: 2676.655 GC heap before
{Heap before GC invocations=84 (full 0):
 garbage-first heap   total 401408K, used 286298K [0x0000000080000000, 0x0000000100000000)
  region size 1024K, 19 young (19456K), 7 survivors (7168K)
 Metaspace       used 135249K, capacity 138433K, committed 139980K, reserved 1171456K
  class space    used 16627K, capacity 17858K, committed 18636K, reserved 1048576K
}
Event: 2676.678 GC heap after
{Heap after GC invocations=85 (full 0):
 garbage-first heap   total 401408K, used 239489K [0x0000000080000000, 0x0000000100000000)
  region size 1024K, 3 young (3072K), 3 survivors (3072K)
 Metaspace       used 135249K, capacity 138433K, committed 139980K, reserved 1171456K
  class space    used 16627K, capacity 17858K, committed 18636K, reserved 1048576K
}
Event: 2676.777 GC heap before
{Heap before GC invocations=85 (full 0):
 garbage-first heap   total 401408K, used 255873K [0x0000000080000000, 0x0000000100000000)
  region size 1024K, 19 young (19456K), 3 survivors (3072K)
 Metaspace       used 135252K, capacity 138433K, committed 139980K, reserved 1171456K
  class space    used 16627K, capacity 17858K, committed 18636K, reserved 1048576K
}
Event: 2676.823 GC heap after
{Heap after GC invocations=86 (full 0):
 garbage-first heap   total 401408K, used 214905K [0x0000000080000000, 0x0000000100000000)
  region size 1024K, 3 young (3072K), 3 survivors (3072K)
 Metaspace       used 135252K, capacity 138433K, committed 139980K, reserved 1171456K
  class space    used 16627K, capacity 17858K, committed 18636K, reserved 1048576K
}
Event: 2677.059 GC heap before
{Heap before GC invocations=86 (full 0):
 garbage-first heap   total 401408K, used 242553K [0x0000000080000000, 0x0000000100000000)
  region size 1024K, 19 young (19456K), 3 survivors (3072K)
 Metaspace       used 135252K, capacity 138433K, committed 139980K, reserved 1171456K
  class space    used 16627K, capacity 17858K, committed 18636K, reserved 1048576K
}
Event: 2677.088 GC heap after
{Heap after GC invocations=87 (full 0):
 garbage-first heap   total 401408K, used 224683K [0x0000000080000000, 0x0000000100000000)
  region size 1024K, 3 young (3072K), 3 survivors (3072K)
 Metaspace       used 135252K, capacity 138433K, committed 139980K, reserved 1171456K
  class space    used 16627K, capacity 17858K, committed 18636K, reserved 1048576K
}
Event: 2677.609 GC heap before
{Heap before GC invocations=87 (full 0):
 garbage-first heap   total 401408K, used 298411K [0x0000000080000000, 0x0000000100000000)
  region size 1024K, 67 young (68608K), 3 survivors (3072K)
 Metaspace       used 135253K, capacity 138433K, committed 139980K, reserved 1171456K
  class space    used 16628K, capacity 17858K, committed 18636K, reserved 1048576K
}

