# JRE version: OpenJDK Runtime Environment (11.0.10) (build 11.0.10+0-b96-7249189)
# Java VM: OpenJDK 64-Bit Server VM (11.0.10+0-b96-7249189, mixed mode, tiered, compressed oops, g1 gc, windows-amd64)
Heap:
 garbage-first heap   total 132096K, used 34330K [0x00000000a1400000, 0x0000000100000000)
  region size 1024K, 12 young (12288K), 5 survivors (5120K)
 Metaspace       used 44687K, capacity 45157K, committed 45312K, reserved 1089536K
  class space    used 5354K, capacity 5540K, committed 5632K, reserved 1048576K
GC Heap History (10 events):
Event: 0.674 GC heap before
{Heap before GC invocations=0 (full 0):
 garbage-first heap   total 98304K, used 27647K [0x00000000a1400000, 0x0000000100000000)
  region size 1024K, 24 young (24576K), 0 survivors (0K)
 Metaspace       used 12293K, capacity 12341K, committed 12544K, reserved 1060864K
  class space    used 1155K, capacity 1174K, committed 1280K, reserved 1048576K
}
Event: 0.680 GC heap after
{Heap after GC invocations=1 (full 0):
 garbage-first heap   total 98304K, used 5720K [0x00000000a1400000, 0x0000000100000000)
  region size 1024K, 3 young (3072K), 3 survivors (3072K)
 Metaspace       used 12293K, capacity 12341K, committed 12544K, reserved 1060864K
  class space    used 1155K, capacity 1174K, committed 1280K, reserved 1048576K
}
Event: 1.381 GC heap before
{Heap before GC invocations=1 (full 0):
 garbage-first heap   total 98304K, used 42584K [0x00000000a1400000, 0x0000000100000000)
  region size 1024K, 40 young (40960K), 3 survivors (3072K)
 Metaspace       used 20939K, capacity 21148K, committed 21248K, reserved 1069056K
  class space    used 2213K, capacity 2278K, committed 2304K, reserved 1048576K
}
Event: 1.404 GC heap after
{Heap after GC invocations=2 (full 0):
 garbage-first heap   total 98304K, used 9550K [0x00000000a1400000, 0x0000000100000000)
  region size 1024K, 7 young (7168K), 7 survivors (7168K)
 Metaspace       used 20939K, capacity 21148K, committed 21248K, reserved 1069056K
  class space    used 2213K, capacity 2278K, committed 2304K, reserved 1048576K
}
Event: 2.260 GC heap before
{Heap before GC invocations=3 (full 0):
 garbage-first heap   total 98304K, used 65870K [0x00000000a1400000, 0x0000000100000000)
  region size 1024K, 50 young (51200K), 7 survivors (7168K)
 Metaspace       used 30196K, capacity 30629K, committed 30976K, reserved 1077248K
  class space    used 3571K, capacity 3727K, committed 3840K, reserved 1048576K
}
Event: 2.284 GC heap after
{Heap after GC invocations=4 (full 0):
 garbage-first heap   total 98304K, used 23621K [0x00000000a1400000, 0x0000000100000000)
  region size 1024K, 6 young (6144K), 6 survivors (6144K)
 Metaspace       used 30196K, capacity 30629K, committed 30976K, reserved 1077248K
  class space    used 3571K, capacity 3727K, committed 3840K, reserved 1048576K
}
Event: 2.635 GC heap before
{Heap before GC invocations=4 (full 0):
 garbage-first heap   total 98304K, used 43077K [0x00000000a1400000, 0x0000000100000000)
  region size 1024K, 26 young (26624K), 6 survivors (6144K)
 Metaspace       used 35011K, capacity 35446K, committed 35584K, reserved 1081344K
  class space    used 4322K, capacity 4501K, committed 4608K, reserved 1048576K
}
Event: 2.654 GC heap after
{Heap after GC invocations=5 (full 0):
 garbage-first heap   total 98304K, used 25344K [0x00000000a1400000, 0x0000000100000000)
  region size 1024K, 2 young (2048K), 2 survivors (2048K)
 Metaspace       used 35011K, capacity 35446K, committed 35584K, reserved 1081344K
  class space    used 4322K, capacity 4501K, committed 4608K, reserved 1048576K
}
Event: 3.284 GC heap before
{Heap before GC invocations=6 (full 0):
 garbage-first heap   total 98304K, used 64256K [0x00000000a1400000, 0x0000000100000000)
  region size 1024K, 40 young (40960K), 2 survivors (2048K)
 Metaspace       used 43227K, capacity 43687K, committed 43776K, reserved 1087488K
  class space    used 5181K, capacity 5369K, committed 5376K, reserved 1048576K
}
Event: 3.293 GC heap after
{Heap after GC invocations=7 (full 0):
 garbage-first heap   total 132096K, used 28186K [0x00000000a1400000, 0x0000000100000000)
  region size 1024K, 5 young (5120K), 5 survivors (5120K)
 Metaspace       used 43227K, capacity 43687K, committed 43776K, reserved 1087488K
  class space    used 5181K, capacity 5369K, committed 5376K, reserved 1048576K
}

