# JRE version: OpenJDK Runtime Environment (11.0.10) (build 11.0.10+0-b96-7249189)
# Java VM: OpenJDK 64-Bit Server VM (11.0.10+0-b96-7249189, mixed mode, tiered, compressed oops, g1 gc, windows-amd64)
Heap:
 garbage-first heap   total 177152K, used 93318K [0x0000000080000000, 0x0000000100000000)
  region size 1024K, 1 young (1024K), 1 survivors (1024K)
 Metaspace       used 86854K, capacity 88969K, committed 89344K, reserved 1126400K
  class space    used 11149K, capacity 11914K, committed 12032K, reserved 1048576K
GC Heap History (20 events):
Event: 12.755 GC heap after
{Heap after GC invocations=27 (full 0):
 garbage-first heap   total 98304K, used 62903K [0x0000000080000000, 0x0000000100000000)
  region size 1024K, 3 young (3072K), 3 survivors (3072K)
 Metaspace       used 72998K, capacity 74666K, committed 74752K, reserved 1114112K
  class space    used 9362K, capacity 9963K, committed 9984K, reserved 1048576K
}
Event: 13.070 GC heap before
{Heap before GC invocations=27 (full 0):
 garbage-first heap   total 98304K, used 82359K [0x0000000080000000, 0x0000000100000000)
  region size 1024K, 22 young (22528K), 3 survivors (3072K)
 Metaspace       used 74603K, capacity 76405K, committed 76672K, reserved 1116160K
  class space    used 9599K, capacity 10260K, committed 10368K, reserved 1048576K
}
Event: 13.078 GC heap after
{Heap after GC invocations=28 (full 0):
 garbage-first heap   total 98304K, used 64405K [0x0000000080000000, 0x0000000100000000)
  region size 1024K, 3 young (3072K), 3 survivors (3072K)
 Metaspace       used 74603K, capacity 76405K, committed 76672K, reserved 1116160K
  class space    used 9599K, capacity 10260K, committed 10368K, reserved 1048576K
}
Event: 13.382 GC heap before
{Heap before GC invocations=29 (full 0):
 garbage-first heap   total 98304K, used 82837K [0x0000000080000000, 0x0000000100000000)
  region size 1024K, 21 young (21504K), 3 survivors (3072K)
 Metaspace       used 76668K, capacity 78359K, committed 78464K, reserved 1118208K
  class space    used 9939K, capacity 10591K, committed 10624K, reserved 1048576K
}
Event: 13.387 GC heap after
{Heap after GC invocations=30 (full 0):
 garbage-first heap   total 118784K, used 64879K [0x0000000080000000, 0x0000000100000000)
  region size 1024K, 2 young (2048K), 2 survivors (2048K)
 Metaspace       used 76668K, capacity 78359K, committed 78464K, reserved 1118208K
  class space    used 9939K, capacity 10591K, committed 10624K, reserved 1048576K
}
Event: 13.960 GC heap before
{Heap before GC invocations=30 (full 0):
 garbage-first heap   total 118784K, used 92527K [0x0000000080000000, 0x0000000100000000)
  region size 1024K, 29 young (29696K), 2 survivors (2048K)
 Metaspace       used 80037K, capacity 81866K, committed 82048K, reserved 1120256K
  class space    used 10356K, capacity 11020K, committed 11136K, reserved 1048576K
}
Event: 13.967 GC heap after
{Heap after GC invocations=31 (full 0):
 garbage-first heap   total 118784K, used 66743K [0x0000000080000000, 0x0000000100000000)
  region size 1024K, 4 young (4096K), 4 survivors (4096K)
 Metaspace       used 80037K, capacity 81866K, committed 82048K, reserved 1120256K
  class space    used 10356K, capacity 11020K, committed 11136K, reserved 1048576K
}
Event: 14.435 GC heap before
{Heap before GC invocations=32 (full 0):
 garbage-first heap   total 118784K, used 93367K [0x0000000080000000, 0x0000000100000000)
  region size 1024K, 31 young (31744K), 4 survivors (4096K)
 Metaspace       used 82417K, capacity 84283K, committed 84480K, reserved 1122304K
  class space    used 10560K, capacity 11261K, committed 11264K, reserved 1048576K
}
Event: 14.443 GC heap after
{Heap after GC invocations=33 (full 0):
 garbage-first heap   total 118784K, used 70531K [0x0000000080000000, 0x0000000100000000)
  region size 1024K, 4 young (4096K), 4 survivors (4096K)
 Metaspace       used 82417K, capacity 84283K, committed 84480K, reserved 1122304K
  class space    used 10560K, capacity 11261K, committed 11264K, reserved 1048576K
}
Event: 15.205 GC heap before
{Heap before GC invocations=33 (full 0):
 garbage-first heap   total 118784K, used 95107K [0x0000000080000000, 0x0000000100000000)
  region size 1024K, 29 young (29696K), 4 survivors (4096K)
 Metaspace       used 84491K, capacity 86556K, committed 86784K, reserved 1124352K
  class space    used 10928K, capacity 11661K, committed 11776K, reserved 1048576K
}
Event: 15.212 GC heap after
{Heap after GC invocations=34 (full 0):
 garbage-first heap   total 118784K, used 72469K [0x0000000080000000, 0x0000000100000000)
  region size 1024K, 2 young (2048K), 2 survivors (2048K)
 Metaspace       used 84491K, capacity 86556K, committed 86784K, reserved 1124352K
  class space    used 10928K, capacity 11661K, committed 11776K, reserved 1048576K
}
Event: 15.688 GC heap before
{Heap before GC invocations=35 (full 0):
 garbage-first heap   total 118784K, used 96021K [0x0000000080000000, 0x0000000100000000)
  region size 1024K, 26 young (26624K), 2 survivors (2048K)
 Metaspace       used 84809K, capacity 86886K, committed 87040K, reserved 1124352K
  class space    used 10957K, capacity 11704K, committed 11776K, reserved 1048576K
}
Event: 15.696 GC heap after
{Heap after GC invocations=36 (full 0):
 garbage-first heap   total 143360K, used 74001K [0x0000000080000000, 0x0000000100000000)
  region size 1024K, 4 young (4096K), 4 survivors (4096K)
 Metaspace       used 84809K, capacity 86886K, committed 87040K, reserved 1124352K
  class space    used 10957K, capacity 11704K, committed 11776K, reserved 1048576K
}
Event: 17.005 GC heap before
{Heap before GC invocations=36 (full 0):
 garbage-first heap   total 143360K, used 97553K [0x0000000080000000, 0x0000000100000000)
  region size 1024K, 29 young (29696K), 4 survivors (4096K)
 Metaspace       used 85461K, capacity 87555K, committed 87680K, reserved 1124352K
  class space    used 11046K, capacity 11835K, committed 11904K, reserved 1048576K
}
Event: 17.031 GC heap after
{Heap after GC invocations=37 (full 0):
 garbage-first heap   total 143360K, used 75472K [0x0000000080000000, 0x0000000100000000)
  region size 1024K, 4 young (4096K), 4 survivors (4096K)
 Metaspace       used 85461K, capacity 87555K, committed 87680K, reserved 1124352K
  class space    used 11046K, capacity 11835K, committed 11904K, reserved 1048576K
}
Event: 18.540 GC heap before
{Heap before GC invocations=38 (full 0):
 garbage-first heap   total 143360K, used 111312K [0x0000000080000000, 0x0000000100000000)
  region size 1024K, 37 young (37888K), 4 survivors (4096K)
 Metaspace       used 86520K, capacity 88700K, committed 88832K, reserved 1126400K
  class space    used 11150K, capacity 11940K, committed 12032K, reserved 1048576K
}
Event: 18.552 GC heap after
{Heap after GC invocations=39 (full 0):
 garbage-first heap   total 143360K, used 87792K [0x0000000080000000, 0x0000000100000000)
  region size 1024K, 5 young (5120K), 5 survivors (5120K)
 Metaspace       used 86520K, capacity 88700K, committed 88832K, reserved 1126400K
  class space    used 11150K, capacity 11940K, committed 12032K, reserved 1048576K
}
Event: 18.780 GC heap before
{Heap before GC invocations=39 (full 0):
 garbage-first heap   total 143360K, used 92912K [0x0000000080000000, 0x0000000100000000)
  region size 1024K, 11 young (11264K), 5 survivors (5120K)
 Metaspace       used 86539K, capacity 88700K, committed 88832K, reserved 1126400K
  class space    used 11150K, capacity 11940K, committed 12032K, reserved 1048576K
}
Event: 18.794 GC heap after
{Heap after GC invocations=40 (full 0):
 garbage-first heap   total 143360K, used 93057K [0x0000000080000000, 0x0000000100000000)
  region size 1024K, 4 young (4096K), 4 survivors (4096K)
 Metaspace       used 86539K, capacity 88700K, committed 88832K, reserved 1126400K
  class space    used 11150K, capacity 11940K, committed 12032K, reserved 1048576K
}
Event: 19.399 GC heap before
{Heap before GC invocations=41 (full 0):
 garbage-first heap   total 143360K, used 113537K [0x0000000080000000, 0x0000000100000000)
  region size 1024K, 10 young (10240K), 4 survivors (4096K)
 Metaspace       used 86854K, capacity 88969K, committed 89344K, reserved 1126400K
  class space    used 11149K, capacity 11914K, committed 12032K, reserved 1048576K
}

